mode: set
github.com/mostlygeek/llama-swap/internal/server/api.go:48.128,49.18 1 1
github.com/mostlygeek/llama-swap/internal/server/api.go:49.18,51.3 1 1
github.com/mostlygeek/llama-swap/internal/server/api.go:53.2,56.21 3 1
github.com/mostlygeek/llama-swap/internal/server/api.go:56.21,58.3 1 1
github.com/mostlygeek/llama-swap/internal/server/api.go:59.2,59.11 1 1
github.com/mostlygeek/llama-swap/internal/server/api.go:59.11,61.3 1 1
github.com/mostlygeek/llama-swap/internal/server/api.go:62.2,62.12 1 1
github.com/mostlygeek/llama-swap/internal/server/api.go:62.12,64.3 1 1
github.com/mostlygeek/llama-swap/internal/server/api.go:65.2,65.21 1 1
github.com/mostlygeek/llama-swap/internal/server/api.go:65.21,67.3 1 1
github.com/mostlygeek/llama-swap/internal/server/api.go:70.2,70.52 1 1
github.com/mostlygeek/llama-swap/internal/server/api.go:70.52,72.3 1 1
github.com/mostlygeek/llama-swap/internal/server/api.go:74.2,74.11 1 1
github.com/mostlygeek/llama-swap/internal/server/api.go:74.11,75.33 1 1
github.com/mostlygeek/llama-swap/internal/server/api.go:75.33,77.4 1 1
github.com/mostlygeek/llama-swap/internal/server/api.go:79.2,79.21 1 1
github.com/mostlygeek/llama-swap/internal/server/api.go:79.21,80.63 1 1
github.com/mostlygeek/llama-swap/internal/server/api.go:80.63,82.4 1 1
github.com/mostlygeek/llama-swap/internal/server/api.go:83.3,83.63 1 1
github.com/mostlygeek/llama-swap/internal/server/api.go:83.63,85.4 1 1
github.com/mostlygeek/llama-swap/internal/server/api.go:86.3,86.63 1 1
github.com/mostlygeek/llama-swap/internal/server/api.go:86.63,88.4 1 1
github.com/mostlygeek/llama-swap/internal/server/api.go:89.3,89.64 1 1
github.com/mostlygeek/llama-swap/internal/server/api.go:89.64,91.4 1 1
github.com/mostlygeek/llama-swap/internal/server/api.go:94.2,94.16 1 1
github.com/mostlygeek/llama-swap/internal/server/api.go:94.16,97.3 2 1
github.com/mostlygeek/llama-swap/internal/server/api.go:99.2,99.19 1 1
github.com/mostlygeek/llama-swap/internal/server/api.go:99.19,101.3 1 1
github.com/mostlygeek/llama-swap/internal/server/api.go:103.2,103.22 1 1
github.com/mostlygeek/llama-swap/internal/server/api.go:103.22,105.3 1 1
github.com/mostlygeek/llama-swap/internal/server/api.go:107.2,107.8 1 1
github.com/mostlygeek/llama-swap/internal/server/api.go:111.43,112.23 1 1
github.com/mostlygeek/llama-swap/internal/server/api.go:112.23,113.13 1 1
github.com/mostlygeek/llama-swap/internal/server/api.go:113.13,115.4 1 1
github.com/mostlygeek/llama-swap/internal/server/api.go:117.2,117.14 1 1
github.com/mostlygeek/llama-swap/internal/server/api.go:121.61,122.18 1 1
github.com/mostlygeek/llama-swap/internal/server/api.go:122.18,124.3 1 1
github.com/mostlygeek/llama-swap/internal/server/api.go:125.2,126.23 2 1
github.com/mostlygeek/llama-swap/internal/server/api.go:126.23,127.50 1 1
github.com/mostlygeek/llama-swap/internal/server/api.go:127.50,129.4 1 1
github.com/mostlygeek/llama-swap/internal/server/api.go:131.2,131.24 1 1
github.com/mostlygeek/llama-swap/internal/server/api.go:131.24,133.3 1 0
github.com/mostlygeek/llama-swap/internal/server/api.go:134.2,134.17 1 1
github.com/mostlygeek/llama-swap/internal/server/api.go:139.75,144.40 4 1
github.com/mostlygeek/llama-swap/internal/server/api.go:144.40,145.31 1 1
github.com/mostlygeek/llama-swap/internal/server/api.go:145.31,147.4 1 1
github.com/mostlygeek/llama-swap/internal/server/api.go:148.3,148.20 1 1
github.com/mostlygeek/llama-swap/internal/server/api.go:151.2,151.130 1 1
github.com/mostlygeek/llama-swap/internal/server/api.go:151.130,162.20 3 1
github.com/mostlygeek/llama-swap/internal/server/api.go:162.20,164.4 1 1
github.com/mostlygeek/llama-swap/internal/server/api.go:165.3,165.24 1 1
github.com/mostlygeek/llama-swap/internal/server/api.go:165.24,167.4 1 1
github.com/mostlygeek/llama-swap/internal/server/api.go:168.3,168.13 1 1
github.com/mostlygeek/llama-swap/internal/server/api.go:171.2,171.35 1 1
github.com/mostlygeek/llama-swap/internal/server/api.go:171.35,172.18 1 1
github.com/mostlygeek/llama-swap/internal/server/api.go:172.18,173.12 1 1
github.com/mostlygeek/llama-swap/internal/server/api.go:175.3,178.33 3 1
github.com/mostlygeek/llama-swap/internal/server/api.go:178.33,179.37 1 1
github.com/mostlygeek/llama-swap/internal/server/api.go:179.37,180.55 1 1
github.com/mostlygeek/llama-swap/internal/server/api.go:180.55,182.6 1 1
github.com/mostlygeek/llama-swap/internal/server/api.go:187.2,187.40 1 1
github.com/mostlygeek/llama-swap/internal/server/api.go:187.40,188.39 1 1
github.com/mostlygeek/llama-swap/internal/server/api.go:188.39,190.4 1 1
github.com/mostlygeek/llama-swap/internal/server/api.go:193.2,193.39 1 1
github.com/mostlygeek/llama-swap/internal/server/api.go:193.39,193.73 1 1
github.com/mostlygeek/llama-swap/internal/server/api.go:196.2,196.52 1 1
github.com/mostlygeek/llama-swap/internal/server/api.go:196.52,198.3 1 1
github.com/mostlygeek/llama-swap/internal/server/api.go:200.2,204.4 2 1
github.com/mostlygeek/llama-swap/internal/server/api.go:220.71,224.2 3 1
github.com/mostlygeek/llama-swap/internal/server/api.go:228.72,231.32 3 1
github.com/mostlygeek/llama-swap/internal/server/api.go:231.32,242.3 2 1
github.com/mostlygeek/llama-swap/internal/server/api.go:243.2,243.39 1 1
github.com/mostlygeek/llama-swap/internal/server/api.go:243.39,243.79 1 0
github.com/mostlygeek/llama-swap/internal/server/api.go:245.2,246.60 2 1
github.com/mostlygeek/llama-swap/internal/server/api.go:256.54,257.21 1 0
github.com/mostlygeek/llama-swap/internal/server/api.go:257.21,259.3 1 0
github.com/mostlygeek/llama-swap/internal/server/api.go:260.2,260.17 1 0
github.com/mostlygeek/llama-swap/internal/server/api.go:263.62,263.84 1 1
github.com/mostlygeek/llama-swap/internal/server/api.go:265.57,265.78 1 1
github.com/mostlygeek/llama-swap/internal/server/api.go:270.33,272.22 2 1
github.com/mostlygeek/llama-swap/internal/server/api.go:272.22,274.3 1 1
github.com/mostlygeek/llama-swap/internal/server/api.go:275.2,275.12 1 1
github.com/mostlygeek/llama-swap/internal/server/api.go:275.12,276.34 1 1
github.com/mostlygeek/llama-swap/internal/server/api.go:276.34,277.33 1 1
github.com/mostlygeek/llama-swap/internal/server/api.go:277.33,279.13 2 0
github.com/mostlygeek/llama-swap/internal/server/api.go:281.4,284.18 3 1
github.com/mostlygeek/llama-swap/internal/server/api.go:284.18,285.13 1 0
github.com/mostlygeek/llama-swap/internal/server/api.go:287.4,293.16 5 1
github.com/mostlygeek/llama-swap/internal/server/api.go:293.16,295.5 1 0
github.com/mostlygeek/llama-swap/internal/server/api.go:296.4,296.80 1 1
github.com/mostlygeek/llama-swap/internal/server/api.go:303.72,304.19 1 1
github.com/mostlygeek/llama-swap/internal/server/api.go:304.19,308.3 3 1
github.com/mostlygeek/llama-swap/internal/server/api.go:309.2,309.41 1 0
github.com/mostlygeek/llama-swap/internal/server/api.go:312.59,315.2 2 1
github.com/mostlygeek/llama-swap/internal/server/api.go:317.65,319.2 1 1
github.com/mostlygeek/llama-swap/internal/server/api.go:321.69,323.2 1 1
github.com/mostlygeek/llama-swap/internal/server/api.go:327.73,331.12 3 1
github.com/mostlygeek/llama-swap/internal/server/api.go:331.12,334.3 2 1
github.com/mostlygeek/llama-swap/internal/server/api.go:338.2,338.65 1 1
github.com/mostlygeek/llama-swap/internal/server/api.go:338.65,340.27 2 1
github.com/mostlygeek/llama-swap/internal/server/api.go:340.27,342.4 1 0
github.com/mostlygeek/llama-swap/internal/server/api.go:343.3,343.64 1 1
github.com/mostlygeek/llama-swap/internal/server/api.go:343.64,345.4 1 1
github.com/mostlygeek/llama-swap/internal/server/api.go:345.9,347.4 1 0
github.com/mostlygeek/llama-swap/internal/server/api.go:348.3,348.9 1 1
github.com/mostlygeek/llama-swap/internal/server/api.go:352.2,360.48 3 1
github.com/mostlygeek/llama-swap/internal/server/api.go:360.48,361.37 1 1
github.com/mostlygeek/llama-swap/internal/server/api.go:361.37,362.12 1 1
github.com/mostlygeek/llama-swap/internal/server/api.go:364.3,364.31 1 1
github.com/mostlygeek/llama-swap/internal/server/api.go:364.31,366.42 2 1
github.com/mostlygeek/llama-swap/internal/server/api.go:366.42,370.5 2 1
github.com/mostlygeek/llama-swap/internal/server/api.go:375.3,375.8 1 1
github.com/mostlygeek/llama-swap/internal/server/api.go:378.2,378.9 1 1
github.com/mostlygeek/llama-swap/internal/server/api.go:379.32,380.26 1 1
github.com/mostlygeek/llama-swap/internal/server/api.go:381.31,382.25 1 1
github.com/mostlygeek/llama-swap/internal/server/api.go:383.10,384.81 1 0
github.com/mostlygeek/llama-swap/internal/server/apigroup.go:33.43,37.31 3 1
github.com/mostlygeek/llama-swap/internal/server/apigroup.go:37.31,39.3 1 0
github.com/mostlygeek/llama-swap/internal/server/apigroup.go:40.2,43.25 3 1
github.com/mostlygeek/llama-swap/internal/server/apigroup.go:43.25,46.32 3 0
github.com/mostlygeek/llama-swap/internal/server/apigroup.go:46.32,48.4 1 0
github.com/mostlygeek/llama-swap/internal/server/apigroup.go:49.3,58.5 2 0
github.com/mostlygeek/llama-swap/internal/server/apigroup.go:61.2,61.40 1 1
github.com/mostlygeek/llama-swap/internal/server/apigroup.go:61.40,62.39 1 0
github.com/mostlygeek/llama-swap/internal/server/apigroup.go:62.39,64.4 1 0
github.com/mostlygeek/llama-swap/internal/server/apigroup.go:67.2,67.15 1 1
github.com/mostlygeek/llama-swap/internal/server/apigroup.go:71.77,75.2 3 1
github.com/mostlygeek/llama-swap/internal/server/apigroup.go:78.79,81.12 3 1
github.com/mostlygeek/llama-swap/internal/server/apigroup.go:81.12,84.3 2 1
github.com/mostlygeek/llama-swap/internal/server/apigroup.go:85.2,85.32 1 1
github.com/mostlygeek/llama-swap/internal/server/apigroup.go:85.32,88.3 2 0
github.com/mostlygeek/llama-swap/internal/server/apigroup.go:89.2,91.23 3 1
github.com/mostlygeek/llama-swap/internal/server/apigroup.go:95.76,97.16 2 1
github.com/mostlygeek/llama-swap/internal/server/apigroup.go:97.16,100.3 2 0
github.com/mostlygeek/llama-swap/internal/server/apigroup.go:101.2,102.16 2 1
github.com/mostlygeek/llama-swap/internal/server/apigroup.go:102.16,105.3 2 0
github.com/mostlygeek/llama-swap/internal/server/apigroup.go:106.2,108.33 3 1
github.com/mostlygeek/llama-swap/internal/server/apigroup.go:112.81,116.16 2 1
github.com/mostlygeek/llama-swap/internal/server/apigroup.go:116.16,119.3 2 0
github.com/mostlygeek/llama-swap/internal/server/apigroup.go:120.2,121.34 2 1
github.com/mostlygeek/llama-swap/internal/server/apigroup.go:124.50,126.16 2 1
github.com/mostlygeek/llama-swap/internal/server/apigroup.go:126.16,128.3 1 0
github.com/mostlygeek/llama-swap/internal/server/apigroup.go:129.2,129.31 1 1
github.com/mostlygeek/llama-swap/internal/server/apigroup.go:129.31,131.3 1 1
github.com/mostlygeek/llama-swap/internal/server/apigroup.go:132.2,132.57 1 0
github.com/mostlygeek/llama-swap/internal/server/apigroup.go:135.71,143.69 3 1
github.com/mostlygeek/llama-swap/internal/server/apigroup.go:143.69,145.17 2 1
github.com/mostlygeek/llama-swap/internal/server/apigroup.go:145.17,147.4 1 0
github.com/mostlygeek/llama-swap/internal/server/apigroup.go:148.3,148.22 1 1
github.com/mostlygeek/llama-swap/internal/server/apigroup.go:151.2,151.68 1 1
github.com/mostlygeek/llama-swap/internal/server/apigroup.go:151.68,153.29 2 1
github.com/mostlygeek/llama-swap/internal/server/apigroup.go:153.29,155.4 1 0
github.com/mostlygeek/llama-swap/internal/server/apigroup.go:156.3,156.20 1 1
github.com/mostlygeek/llama-swap/internal/server/apigroup.go:159.2,159.68 1 1
github.com/mostlygeek/llama-swap/internal/server/apigroup.go:159.68,160.50 1 0
github.com/mostlygeek/llama-swap/internal/server/apigroup.go:160.50,162.4 1 0
github.com/mostlygeek/llama-swap/internal/server/apigroup.go:163.3,163.19 1 0
github.com/mostlygeek/llama-swap/internal/server/apigroup.go:166.2,166.69 1 1
github.com/mostlygeek/llama-swap/internal/server/apigroup.go:166.69,167.31 1 0
github.com/mostlygeek/llama-swap/internal/server/apigroup.go:168.22,169.38 1 0
github.com/mostlygeek/llama-swap/internal/server/apigroup.go:170.11,171.73 1 0
github.com/mostlygeek/llama-swap/internal/server/apigroup.go:175.2,175.19 1 1
github.com/mostlygeek/llama-swap/internal/server/apigroup.go:180.79,181.19 1 1
github.com/mostlygeek/llama-swap/internal/server/apigroup.go:181.19,186.3 4 1
github.com/mostlygeek/llama-swap/internal/server/apigroup.go:188.2,190.60 2 0
github.com/mostlygeek/llama-swap/internal/server/apigroup.go:190.60,192.17 2 0
github.com/mostlygeek/llama-swap/internal/server/apigroup.go:192.17,195.4 2 0
github.com/mostlygeek/llama-swap/internal/server/apigroup.go:196.3,197.31 2 0
github.com/mostlygeek/llama-swap/internal/server/apigroup.go:197.31,198.33 1 0
github.com/mostlygeek/llama-swap/internal/server/apigroup.go:198.33,200.5 1 0
github.com/mostlygeek/llama-swap/internal/server/apigroup.go:202.3,205.30 3 0
github.com/mostlygeek/llama-swap/internal/server/apigroup.go:205.30,206.32 1 0
github.com/mostlygeek/llama-swap/internal/server/apigroup.go:206.32,208.5 1 0
github.com/mostlygeek/llama-swap/internal/server/apigroup.go:210.3,210.25 1 0
github.com/mostlygeek/llama-swap/internal/server/apigroup.go:213.2,218.4 2 0
github.com/mostlygeek/llama-swap/internal/server/apigroup.go:222.75,229.2 2 1
github.com/mostlygeek/llama-swap/internal/server/apigroup.go:232.75,234.16 2 1
github.com/mostlygeek/llama-swap/internal/server/apigroup.go:234.16,237.3 2 1
github.com/mostlygeek/llama-swap/internal/server/apigroup.go:239.2,240.20 2 1
github.com/mostlygeek/llama-swap/internal/server/apigroup.go:240.20,243.3 2 1
github.com/mostlygeek/llama-swap/internal/server/apigroup.go:245.2,246.16 2 1
github.com/mostlygeek/llama-swap/internal/server/apigroup.go:246.16,249.3 2 0
github.com/mostlygeek/llama-swap/internal/server/apigroup.go:250.2,251.20 2 1
github.com/mostlygeek/llama-swap/internal/server/apigroup.go:256.82,258.40 2 1
github.com/mostlygeek/llama-swap/internal/server/apigroup.go:258.40,261.3 2 1
github.com/mostlygeek/llama-swap/internal/server/apigroup.go:263.2,264.59 2 1
github.com/mostlygeek/llama-swap/internal/server/apigroup.go:283.74,292.9 7 1
github.com/mostlygeek/llama-swap/internal/server/apigroup.go:292.9,295.3 2 0
github.com/mostlygeek/llama-swap/internal/server/apigroup.go:299.2,303.36 4 1
github.com/mostlygeek/llama-swap/internal/server/apigroup.go:303.36,304.10 1 1
github.com/mostlygeek/llama-swap/internal/server/apigroup.go:305.26,305.26 0 1
github.com/mostlygeek/llama-swap/internal/server/apigroup.go:306.21,307.74 1 0
github.com/mostlygeek/llama-swap/internal/server/apigroup.go:308.11,309.71 1 0
github.com/mostlygeek/llama-swap/internal/server/apigroup.go:312.2,312.23 1 1
github.com/mostlygeek/llama-swap/internal/server/apigroup.go:312.23,313.61 1 1
github.com/mostlygeek/llama-swap/internal/server/apigroup.go:313.61,315.4 1 1
github.com/mostlygeek/llama-swap/internal/server/apigroup.go:317.2,317.50 1 1
github.com/mostlygeek/llama-swap/internal/server/apigroup.go:317.50,318.100 1 1
github.com/mostlygeek/llama-swap/internal/server/apigroup.go:318.100,320.4 1 1
github.com/mostlygeek/llama-swap/internal/server/apigroup.go:322.2,322.31 1 1
github.com/mostlygeek/llama-swap/internal/server/apigroup.go:322.31,323.67 1 0
github.com/mostlygeek/llama-swap/internal/server/apigroup.go:323.67,325.4 1 0
github.com/mostlygeek/llama-swap/internal/server/apigroup.go:327.2,327.59 1 1
github.com/mostlygeek/llama-swap/internal/server/apigroup.go:327.59,328.28 1 1
github.com/mostlygeek/llama-swap/internal/server/apigroup.go:328.28,330.4 1 0
github.com/mostlygeek/llama-swap/internal/server/apigroup.go:331.3,331.48 1 1
github.com/mostlygeek/llama-swap/internal/server/apigroup.go:331.48,333.4 1 1
github.com/mostlygeek/llama-swap/internal/server/apigroup.go:336.2,336.56 1 1
github.com/mostlygeek/llama-swap/internal/server/apigroup.go:336.56,336.72 1 0
github.com/mostlygeek/llama-swap/internal/server/apigroup.go:337.2,337.55 1 1
github.com/mostlygeek/llama-swap/internal/server/apigroup.go:337.55,337.71 1 0
github.com/mostlygeek/llama-swap/internal/server/apigroup.go:338.2,338.47 1 1
github.com/mostlygeek/llama-swap/internal/server/apigroup.go:338.47,338.77 1 0
github.com/mostlygeek/llama-swap/internal/server/apigroup.go:339.2,339.50 1 1
github.com/mostlygeek/llama-swap/internal/server/apigroup.go:339.50,339.83 1 0
github.com/mostlygeek/llama-swap/internal/server/apigroup.go:340.2,340.42 1 1
github.com/mostlygeek/llama-swap/internal/server/apigroup.go:340.42,340.72 1 0
github.com/mostlygeek/llama-swap/internal/server/apigroup.go:341.2,341.54 1 1
github.com/mostlygeek/llama-swap/internal/server/apigroup.go:341.54,341.73 1 0
github.com/mostlygeek/llama-swap/internal/server/apigroup.go:344.2,349.6 5 1
github.com/mostlygeek/llama-swap/internal/server/apigroup.go:349.6,350.10 1 1
github.com/mostlygeek/llama-swap/internal/server/apigroup.go:351.29,352.10 1 1
github.com/mostlygeek/llama-swap/internal/server/apigroup.go:353.31,354.10 1 0
github.com/mostlygeek/llama-swap/internal/server/apigroup.go:355.28,357.18 2 1
github.com/mostlygeek/llama-swap/internal/server/apigroup.go:357.18,358.13 1 0
github.com/mostlygeek/llama-swap/internal/server/apigroup.go:360.4,361.19 2 1
github.com/mostlygeek/llama-swap/internal/server/auth.go:16.63,18.46 2 1
github.com/mostlygeek/llama-swap/internal/server/auth.go:18.46,19.21 1 1
github.com/mostlygeek/llama-swap/internal/server/auth.go:19.21,21.4 1 1
github.com/mostlygeek/llama-swap/internal/server/auth.go:22.3,22.72 1 1
github.com/mostlygeek/llama-swap/internal/server/auth.go:22.72,26.29 3 1
github.com/mostlygeek/llama-swap/internal/server/auth.go:26.29,27.24 1 1
github.com/mostlygeek/llama-swap/internal/server/auth.go:27.24,29.11 2 1
github.com/mostlygeek/llama-swap/internal/server/auth.go:32.4,32.14 1 1
github.com/mostlygeek/llama-swap/internal/server/auth.go:32.14,36.5 3 1
github.com/mostlygeek/llama-swap/internal/server/auth.go:38.4,38.24 1 1
github.com/mostlygeek/llama-swap/internal/server/auth.go:46.73,47.46 1 1
github.com/mostlygeek/llama-swap/internal/server/auth.go:47.46,48.72 1 1
github.com/mostlygeek/llama-swap/internal/server/auth.go:48.72,50.18 2 1
github.com/mostlygeek/llama-swap/internal/server/auth.go:50.18,53.5 2 1
github.com/mostlygeek/llama-swap/internal/server/auth.go:54.4,55.24 2 1
github.com/mostlygeek/llama-swap/internal/server/auth.go:63.46,64.46 1 1
github.com/mostlygeek/llama-swap/internal/server/auth.go:64.46,65.72 1 1
github.com/mostlygeek/llama-swap/internal/server/auth.go:65.72,66.38 1 1
github.com/mostlygeek/llama-swap/internal/server/auth.go:66.38,69.5 2 1
github.com/mostlygeek/llama-swap/internal/server/auth.go:71.4,73.80 3 1
github.com/mostlygeek/llama-swap/internal/server/auth.go:73.80,75.5 1 0
github.com/mostlygeek/llama-swap/internal/server/auth.go:75.10,77.5 1 1
github.com/mostlygeek/llama-swap/internal/server/auth.go:78.4,79.39 2 1
github.com/mostlygeek/llama-swap/internal/server/auth.go:84.31,85.9 1 1
github.com/mostlygeek/llama-swap/internal/server/auth.go:86.28,86.28 0 1
github.com/mostlygeek/llama-swap/internal/server/auth.go:87.28,87.28 0 1
github.com/mostlygeek/llama-swap/internal/server/auth.go:88.28,88.28 0 1
github.com/mostlygeek/llama-swap/internal/server/auth.go:89.50,89.50 0 1
github.com/mostlygeek/llama-swap/internal/server/auth.go:90.10,91.15 1 1
github.com/mostlygeek/llama-swap/internal/server/auth.go:93.2,93.13 1 1
github.com/mostlygeek/llama-swap/internal/server/auth.go:98.75,102.26 3 1
github.com/mostlygeek/llama-swap/internal/server/auth.go:102.26,104.14 2 1
github.com/mostlygeek/llama-swap/internal/server/auth.go:104.14,105.12 1 1
github.com/mostlygeek/llama-swap/internal/server/auth.go:108.3,109.23 2 1
github.com/mostlygeek/llama-swap/internal/server/auth.go:109.23,110.23 1 1
github.com/mostlygeek/llama-swap/internal/server/auth.go:110.23,112.10 2 1
github.com/mostlygeek/llama-swap/internal/server/auth.go:115.3,115.16 1 1
github.com/mostlygeek/llama-swap/internal/server/auth.go:115.16,117.4 1 1
github.com/mostlygeek/llama-swap/internal/server/auth.go:120.2,120.34 1 1
github.com/mostlygeek/llama-swap/internal/server/captures.go:53.50,54.45 1 1
github.com/mostlygeek/llama-swap/internal/server/captures.go:54.45,56.3 1 1
github.com/mostlygeek/llama-swap/internal/server/captures.go:57.2,57.19 1 1
github.com/mostlygeek/llama-swap/internal/server/captures.go:67.26,70.3 2 1
github.com/mostlygeek/llama-swap/internal/server/captures.go:75.26,78.3 2 1
github.com/mostlygeek/llama-swap/internal/server/captures.go:83.62,85.16 2 1
github.com/mostlygeek/llama-swap/internal/server/captures.go:85.16,87.3 1 0
github.com/mostlygeek/llama-swap/internal/server/captures.go:88.2,90.60 3 1
github.com/mostlygeek/llama-swap/internal/server/captures.go:94.62,98.16 4 1
github.com/mostlygeek/llama-swap/internal/server/captures.go:98.16,100.3 1 0
github.com/mostlygeek/llama-swap/internal/server/captures.go:101.2,102.60 2 1
github.com/mostlygeek/llama-swap/internal/server/captures.go:102.60,104.3 1 0
github.com/mostlygeek/llama-swap/internal/server/captures.go:105.2,105.22 1 1
github.com/mostlygeek/llama-swap/internal/server/captures.go:110.67,111.24 1 1
github.com/mostlygeek/llama-swap/internal/server/captures.go:111.24,113.3 1 1
github.com/mostlygeek/llama-swap/internal/server/captures.go:115.2,116.16 2 1
github.com/mostlygeek/llama-swap/internal/server/captures.go:116.16,119.3 2 0
github.com/mostlygeek/llama-swap/internal/server/captures.go:121.2,121.68 1 1
github.com/mostlygeek/llama-swap/internal/server/captures.go:121.68,124.3 2 0
github.com/mostlygeek/llama-swap/internal/server/captures.go:126.2,128.13 3 1
github.com/mostlygeek/llama-swap/internal/server/captures.go:133.66,134.28 1 1
github.com/mostlygeek/llama-swap/internal/server/captures.go:134.28,136.3 1 1
github.com/mostlygeek/llama-swap/internal/server/captures.go:137.2,138.16 2 1
github.com/mostlygeek/llama-swap/internal/server/captures.go:138.16,140.3 1 1
github.com/mostlygeek/llama-swap/internal/server/captures.go:141.2,142.16 2 1
github.com/mostlygeek/llama-swap/internal/server/captures.go:142.16,145.3 2 0
github.com/mostlygeek/llama-swap/internal/server/captures.go:146.2,146.16 1 1
github.com/mostlygeek/llama-swap/internal/server/captures.go:159.49,161.29 2 1
github.com/mostlygeek/llama-swap/internal/server/captures.go:161.29,162.22 1 1
github.com/mostlygeek/llama-swap/internal/server/captures.go:162.22,164.4 1 1
github.com/mostlygeek/llama-swap/internal/server/captures.go:166.2,166.10 1 1
github.com/mostlygeek/llama-swap/internal/server/captures.go:170.47,171.27 1 1
github.com/mostlygeek/llama-swap/internal/server/captures.go:171.27,172.45 1 1
github.com/mostlygeek/llama-swap/internal/server/captures.go:172.45,174.4 1 1
github.com/mostlygeek/llama-swap/internal/server/embed_notag.go:19.48,19.78 1 1
github.com/mostlygeek/llama-swap/internal/server/filters.go:29.65,30.46 1 1
github.com/mostlygeek/llama-swap/internal/server/filters.go:30.46,31.72 1 1
github.com/mostlygeek/llama-swap/internal/server/filters.go:31.72,32.75 1 1
github.com/mostlygeek/llama-swap/internal/server/filters.go:32.75,35.5 2 0
github.com/mostlygeek/llama-swap/internal/server/filters.go:37.4,38.18 2 1
github.com/mostlygeek/llama-swap/internal/server/filters.go:38.18,41.5 2 0
github.com/mostlygeek/llama-swap/internal/server/filters.go:43.4,44.11 2 1
github.com/mostlygeek/llama-swap/internal/server/filters.go:44.11,47.5 2 1
github.com/mostlygeek/llama-swap/internal/server/filters.go:49.4,50.18 2 0
github.com/mostlygeek/llama-swap/internal/server/filters.go:50.18,53.5 2 0
github.com/mostlygeek/llama-swap/internal/server/filters.go:55.4,56.18 2 0
github.com/mostlygeek/llama-swap/internal/server/filters.go:56.18,59.5 2 0
github.com/mostlygeek/llama-swap/internal/server/filters.go:61.4,66.24 5 0
github.com/mostlygeek/llama-swap/internal/server/filters.go:79.69,80.46 1 1
github.com/mostlygeek/llama-swap/internal/server/filters.go:80.46,81.72 1 1
github.com/mostlygeek/llama-swap/internal/server/filters.go:81.72,82.78 1 1
github.com/mostlygeek/llama-swap/internal/server/filters.go:82.78,85.5 2 1
github.com/mostlygeek/llama-swap/internal/server/filters.go:87.4,88.18 2 1
github.com/mostlygeek/llama-swap/internal/server/filters.go:88.18,91.5 2 0
github.com/mostlygeek/llama-swap/internal/server/filters.go:93.4,94.33 2 1
github.com/mostlygeek/llama-swap/internal/server/filters.go:94.33,97.5 2 0
github.com/mostlygeek/llama-swap/internal/server/filters.go:99.4,99.57 1 1
github.com/mostlygeek/llama-swap/internal/server/filters.go:99.57,102.5 2 0
github.com/mostlygeek/llama-swap/internal/server/filters.go:104.4,105.18 2 1
github.com/mostlygeek/llama-swap/internal/server/filters.go:105.18,108.5 2 0
github.com/mostlygeek/llama-swap/internal/server/filters.go:110.4,117.24 7 1
github.com/mostlygeek/llama-swap/internal/server/filters.go:125.95,129.38 3 1
github.com/mostlygeek/llama-swap/internal/server/filters.go:129.38,130.32 1 1
github.com/mostlygeek/llama-swap/internal/server/filters.go:130.32,131.22 1 1
github.com/mostlygeek/llama-swap/internal/server/filters.go:131.22,133.5 1 1
github.com/mostlygeek/llama-swap/internal/server/filters.go:134.4,135.18 2 1
github.com/mostlygeek/llama-swap/internal/server/filters.go:135.18,137.5 1 0
github.com/mostlygeek/llama-swap/internal/server/filters.go:138.4,138.56 1 1
github.com/mostlygeek/llama-swap/internal/server/filters.go:138.56,140.5 1 0
github.com/mostlygeek/llama-swap/internal/server/filters.go:144.2,144.38 1 1
github.com/mostlygeek/llama-swap/internal/server/filters.go:144.38,145.30 1 1
github.com/mostlygeek/llama-swap/internal/server/filters.go:145.30,147.18 2 1
github.com/mostlygeek/llama-swap/internal/server/filters.go:147.18,149.5 1 0
github.com/mostlygeek/llama-swap/internal/server/filters.go:150.4,151.18 2 1
github.com/mostlygeek/llama-swap/internal/server/filters.go:151.18,153.5 1 0
github.com/mostlygeek/llama-swap/internal/server/filters.go:154.4,154.49 1 1
github.com/mostlygeek/llama-swap/internal/server/filters.go:154.49,157.5 2 0
github.com/mostlygeek/llama-swap/internal/server/filters.go:158.4,158.16 1 1
github.com/mostlygeek/llama-swap/internal/server/filters.go:162.2,162.35 1 1
github.com/mostlygeek/llama-swap/internal/server/filters.go:162.35,164.3 1 0
github.com/mostlygeek/llama-swap/internal/server/filters.go:165.2,165.51 1 1
github.com/mostlygeek/llama-swap/internal/server/filters.go:170.113,171.60 1 1
github.com/mostlygeek/llama-swap/internal/server/filters.go:171.60,174.3 2 1
github.com/mostlygeek/llama-swap/internal/server/filters.go:175.2,175.33 1 1
github.com/mostlygeek/llama-swap/internal/server/filters.go:175.33,176.33 1 0
github.com/mostlygeek/llama-swap/internal/server/filters.go:176.33,177.22 1 0
github.com/mostlygeek/llama-swap/internal/server/filters.go:177.22,179.5 1 0
github.com/mostlygeek/llama-swap/internal/server/filters.go:182.2,182.36 1 1
github.com/mostlygeek/llama-swap/internal/server/filters.go:188.98,191.24 2 1
github.com/mostlygeek/llama-swap/internal/server/filters.go:191.24,192.74 1 1
github.com/mostlygeek/llama-swap/internal/server/filters.go:192.74,194.4 1 0
github.com/mostlygeek/llama-swap/internal/server/filters.go:197.2,197.49 1 1
github.com/mostlygeek/llama-swap/internal/server/filters.go:197.49,198.61 1 1
github.com/mostlygeek/llama-swap/internal/server/filters.go:198.61,200.4 1 0
github.com/mostlygeek/llama-swap/internal/server/filters.go:203.2,204.30 2 1
github.com/mostlygeek/llama-swap/internal/server/filters.go:204.30,205.72 1 1
github.com/mostlygeek/llama-swap/internal/server/filters.go:205.72,207.4 1 0
github.com/mostlygeek/llama-swap/internal/server/filters.go:210.2,211.31 2 1
github.com/mostlygeek/llama-swap/internal/server/filters.go:211.31,212.67 1 1
github.com/mostlygeek/llama-swap/internal/server/filters.go:212.67,214.4 1 0
github.com/mostlygeek/llama-swap/internal/server/filters.go:217.2,217.18 1 1
github.com/mostlygeek/llama-swap/internal/server/inflight.go:33.44,35.2 1 1
github.com/mostlygeek/llama-swap/internal/server/inflight.go:37.82,45.53 3 1
github.com/mostlygeek/llama-swap/internal/server/inflight.go:45.53,48.3 2 1
github.com/mostlygeek/llama-swap/internal/server/inflight.go:50.2,56.11 6 1
github.com/mostlygeek/llama-swap/internal/server/inflight.go:59.45,66.2 5 1
github.com/mostlygeek/llama-swap/internal/server/inflight.go:68.50,72.9 4 1
github.com/mostlygeek/llama-swap/internal/server/inflight.go:72.9,74.3 1 1
github.com/mostlygeek/llama-swap/internal/server/inflight.go:75.2,76.13 2 1
github.com/mostlygeek/llama-swap/internal/server/inflight.go:79.66,83.2 3 1
github.com/mostlygeek/llama-swap/internal/server/inflight.go:85.73,87.33 2 1
github.com/mostlygeek/llama-swap/internal/server/inflight.go:87.33,89.3 1 1
github.com/mostlygeek/llama-swap/internal/server/inflight.go:90.2,90.43 1 1
github.com/mostlygeek/llama-swap/internal/server/inflight.go:90.43,91.57 1 0
github.com/mostlygeek/llama-swap/internal/server/inflight.go:91.57,93.4 1 0
github.com/mostlygeek/llama-swap/internal/server/inflight.go:94.3,94.61 1 0
github.com/mostlygeek/llama-swap/internal/server/inflight.go:96.2,96.57 1 1
github.com/mostlygeek/llama-swap/internal/server/inflight.go:99.65,100.24 1 1
github.com/mostlygeek/llama-swap/internal/server/inflight.go:100.24,102.3 1 1
github.com/mostlygeek/llama-swap/internal/server/inflight.go:103.2,104.29 2 1
github.com/mostlygeek/llama-swap/internal/server/inflight.go:104.29,106.3 1 1
github.com/mostlygeek/llama-swap/internal/server/inflight.go:107.2,107.12 1 1
github.com/mostlygeek/llama-swap/internal/server/inflight.go:112.68,113.46 1 1
github.com/mostlygeek/llama-swap/internal/server/inflight.go:113.46,114.72 1 1
github.com/mostlygeek/llama-swap/internal/server/inflight.go:114.72,123.4 6 1
github.com/mostlygeek/llama-swap/internal/server/inflight.go:130.95,131.46 1 1
github.com/mostlygeek/llama-swap/internal/server/inflight.go:131.46,132.72 1 1
github.com/mostlygeek/llama-swap/internal/server/inflight.go:132.72,133.52 1 1
github.com/mostlygeek/llama-swap/internal/server/inflight.go:133.52,136.5 2 0
github.com/mostlygeek/llama-swap/internal/server/inflight.go:138.4,139.68 2 1
github.com/mostlygeek/llama-swap/internal/server/inflight.go:139.68,142.5 2 1
github.com/mostlygeek/llama-swap/internal/server/inflight.go:144.4,144.57 1 1
github.com/mostlygeek/llama-swap/internal/server/inflight.go:144.57,147.5 2 0
github.com/mostlygeek/llama-swap/internal/server/inflight.go:149.4,158.24 8 1
github.com/mostlygeek/llama-swap/internal/server/inflight.go:163.57,164.16 1 1
github.com/mostlygeek/llama-swap/internal/server/inflight.go:165.23,166.41 1 1
github.com/mostlygeek/llama-swap/internal/server/inflight.go:166.41,167.17 1 1
github.com/mostlygeek/llama-swap/internal/server/inflight.go:167.17,169.5 1 1
github.com/mostlygeek/llama-swap/internal/server/inflight.go:171.3,171.41 1 1
github.com/mostlygeek/llama-swap/internal/server/inflight.go:171.41,172.17 1 1
github.com/mostlygeek/llama-swap/internal/server/inflight.go:172.17,174.5 1 0
github.com/mostlygeek/llama-swap/internal/server/inflight.go:176.22,177.36 1 1
github.com/mostlygeek/llama-swap/internal/server/inflight.go:177.36,178.17 1 1
github.com/mostlygeek/llama-swap/internal/server/inflight.go:178.17,180.5 1 1
github.com/mostlygeek/llama-swap/internal/server/inflight.go:183.2,183.14 1 1
github.com/mostlygeek/llama-swap/internal/server/log.go:34.85,35.21 1 1
github.com/mostlygeek/llama-swap/internal/server/log.go:36.30,39.45 3 1
github.com/mostlygeek/llama-swap/internal/server/log.go:40.30,43.41 3 1
github.com/mostlygeek/llama-swap/internal/server/log.go:44.34,47.41 3 0
github.com/mostlygeek/llama-swap/internal/server/log.go:48.10,52.45 3 1
github.com/mostlygeek/llama-swap/internal/server/log.go:54.2,54.38 1 1
github.com/mostlygeek/llama-swap/internal/server/log.go:59.69,60.59 1 1
github.com/mostlygeek/llama-swap/internal/server/log.go:60.59,63.3 2 1
github.com/mostlygeek/llama-swap/internal/server/log.go:64.2,65.32 2 1
github.com/mostlygeek/llama-swap/internal/server/log.go:70.74,71.22 1 1
github.com/mostlygeek/llama-swap/internal/server/log.go:72.10,73.23 1 0
github.com/mostlygeek/llama-swap/internal/server/log.go:74.15,75.25 1 0
github.com/mostlygeek/llama-swap/internal/server/log.go:76.18,77.28 1 0
github.com/mostlygeek/llama-swap/internal/server/log.go:78.10,79.85 1 1
github.com/mostlygeek/llama-swap/internal/server/log.go:79.85,80.53 1 1
github.com/mostlygeek/llama-swap/internal/server/log.go:80.53,82.5 1 1
github.com/mostlygeek/llama-swap/internal/server/log.go:84.3,84.84 1 1
github.com/mostlygeek/llama-swap/internal/server/log.go:90.74,99.56 6 1
github.com/mostlygeek/llama-swap/internal/server/log.go:99.56,101.3 1 0
github.com/mostlygeek/llama-swap/internal/server/log.go:103.2,104.16 2 1
github.com/mostlygeek/llama-swap/internal/server/log.go:104.16,107.3 2 1
github.com/mostlygeek/llama-swap/internal/server/log.go:109.2,110.9 2 1
github.com/mostlygeek/llama-swap/internal/server/log.go:110.9,113.3 2 0
github.com/mostlygeek/llama-swap/internal/server/log.go:115.2,116.18 2 1
github.com/mostlygeek/llama-swap/internal/server/log.go:116.18,117.56 1 1
github.com/mostlygeek/llama-swap/internal/server/log.go:117.56,120.4 2 1
github.com/mostlygeek/llama-swap/internal/server/log.go:123.2,126.50 4 1
github.com/mostlygeek/llama-swap/internal/server/log.go:126.50,127.10 1 0
github.com/mostlygeek/llama-swap/internal/server/log.go:128.25,128.25 0 0
github.com/mostlygeek/llama-swap/internal/server/log.go:129.21,129.21 0 0
github.com/mostlygeek/llama-swap/internal/server/log.go:130.11,130.11 0 0
github.com/mostlygeek/llama-swap/internal/server/log.go:133.2,135.6 2 1
github.com/mostlygeek/llama-swap/internal/server/log.go:135.6,136.10 1 1
github.com/mostlygeek/llama-swap/internal/server/log.go:137.29,138.10 1 1
github.com/mostlygeek/llama-swap/internal/server/log.go:139.31,140.10 1 0
github.com/mostlygeek/llama-swap/internal/server/log.go:141.27,143.19 2 0
github.com/mostlygeek/llama-swap/internal/server/log.go:162.49,165.2 2 1
github.com/mostlygeek/llama-swap/internal/server/log.go:167.56,171.2 3 1
github.com/mostlygeek/llama-swap/internal/server/log.go:173.35,174.51 1 1
github.com/mostlygeek/llama-swap/internal/server/log.go:174.51,176.3 1 1
github.com/mostlygeek/llama-swap/internal/server/log.go:181.73,182.53 1 1
github.com/mostlygeek/llama-swap/internal/server/log.go:182.53,184.3 1 1
github.com/mostlygeek/llama-swap/internal/server/log.go:185.2,185.85 1 0
github.com/mostlygeek/llama-swap/internal/server/log.go:190.39,191.55 1 1
github.com/mostlygeek/llama-swap/internal/server/log.go:191.55,192.54 1 1
github.com/mostlygeek/llama-swap/internal/server/log.go:192.54,194.4 1 1
github.com/mostlygeek/llama-swap/internal/server/log.go:195.3,195.32 1 0
github.com/mostlygeek/llama-swap/internal/server/log.go:197.2,197.47 1 1
github.com/mostlygeek/llama-swap/internal/server/log.go:197.47,199.3 1 1
github.com/mostlygeek/llama-swap/internal/server/log.go:200.2,200.65 1 1
github.com/mostlygeek/llama-swap/internal/server/log.go:200.65,202.3 1 1
github.com/mostlygeek/llama-swap/internal/server/log.go:203.2,203.21 1 0
github.com/mostlygeek/llama-swap/internal/server/log.go:213.76,214.46 1 1
github.com/mostlygeek/llama-swap/internal/server/log.go:214.46,215.72 1 1
github.com/mostlygeek/llama-swap/internal/server/log.go:215.72,216.47 1 1
github.com/mostlygeek/llama-swap/internal/server/log.go:216.47,217.46 1 1
github.com/mostlygeek/llama-swap/internal/server/log.go:217.46,220.6 2 1
github.com/mostlygeek/llama-swap/internal/server/log.go:223.4,230.74 5 1
github.com/mostlygeek/llama-swap/internal/server/metrics.go:32.41,34.2 1 1
github.com/mostlygeek/llama-swap/internal/server/metrics.go:47.118,48.21 1 1
github.com/mostlygeek/llama-swap/internal/server/metrics.go:48.21,50.3 1 1
github.com/mostlygeek/llama-swap/internal/server/metrics.go:51.2,57.25 2 1
github.com/mostlygeek/llama-swap/internal/server/metrics.go:57.25,59.3 1 1
github.com/mostlygeek/llama-swap/internal/server/metrics.go:60.2,60.11 1 1
github.com/mostlygeek/llama-swap/internal/server/metrics.go:67.90,72.16 4 1
github.com/mostlygeek/llama-swap/internal/server/metrics.go:72.16,75.3 2 0
github.com/mostlygeek/llama-swap/internal/server/metrics.go:76.2,76.27 1 1
github.com/mostlygeek/llama-swap/internal/server/metrics.go:76.27,77.68 1 1
github.com/mostlygeek/llama-swap/internal/server/metrics.go:77.68,79.4 1 0
github.com/mostlygeek/llama-swap/internal/server/metrics.go:81.2,81.21 1 1
github.com/mostlygeek/llama-swap/internal/server/metrics.go:85.63,87.2 1 1
github.com/mostlygeek/llama-swap/internal/server/metrics.go:89.75,90.28 1 1
github.com/mostlygeek/llama-swap/internal/server/metrics.go:90.28,91.26 1 1
github.com/mostlygeek/llama-swap/internal/server/metrics.go:91.26,93.4 1 1
github.com/mostlygeek/llama-swap/internal/server/metrics.go:94.3,94.9 1 1
github.com/mostlygeek/llama-swap/internal/server/metrics.go:96.2,96.25 1 1
github.com/mostlygeek/llama-swap/internal/server/metrics.go:96.25,98.3 1 1
github.com/mostlygeek/llama-swap/internal/server/metrics.go:101.61,102.22 1 0
github.com/mostlygeek/llama-swap/internal/server/metrics.go:102.22,104.3 1 0
github.com/mostlygeek/llama-swap/internal/server/metrics.go:107.41,109.2 1 0
github.com/mostlygeek/llama-swap/internal/server/metrics.go:117.161,127.85 2 1
github.com/mostlygeek/llama-swap/internal/server/metrics.go:127.85,129.38 2 1
github.com/mostlygeek/llama-swap/internal/server/metrics.go:129.38,131.4 1 1
github.com/mostlygeek/llama-swap/internal/server/metrics.go:134.2,134.25 1 1
github.com/mostlygeek/llama-swap/internal/server/metrics.go:134.25,136.10 2 1
github.com/mostlygeek/llama-swap/internal/server/metrics.go:136.10,138.4 1 0
github.com/mostlygeek/llama-swap/internal/server/metrics.go:139.3,140.20 2 1
github.com/mostlygeek/llama-swap/internal/server/metrics.go:143.2,143.40 1 1
github.com/mostlygeek/llama-swap/internal/server/metrics.go:143.40,148.10 5 1
github.com/mostlygeek/llama-swap/internal/server/metrics.go:148.10,150.4 1 0
github.com/mostlygeek/llama-swap/internal/server/metrics.go:151.3,156.9 4 1
github.com/mostlygeek/llama-swap/internal/server/metrics.go:159.2,160.20 2 1
github.com/mostlygeek/llama-swap/internal/server/metrics.go:160.20,164.3 3 0
github.com/mostlygeek/llama-swap/internal/server/metrics.go:166.2,166.75 1 1
github.com/mostlygeek/llama-swap/internal/server/metrics.go:166.75,168.17 2 1
github.com/mostlygeek/llama-swap/internal/server/metrics.go:168.17,173.4 4 1
github.com/mostlygeek/llama-swap/internal/server/metrics.go:174.3,174.17 1 0
github.com/mostlygeek/llama-swap/internal/server/metrics.go:177.2,177.82 1 1
github.com/mostlygeek/llama-swap/internal/server/metrics.go:177.82,178.95 1 0
github.com/mostlygeek/llama-swap/internal/server/metrics.go:178.95,180.4 1 0
github.com/mostlygeek/llama-swap/internal/server/metrics.go:180.9,183.4 2 0
github.com/mostlygeek/llama-swap/internal/server/metrics.go:184.8,184.35 1 1
github.com/mostlygeek/llama-swap/internal/server/metrics.go:184.35,190.47 4 1
github.com/mostlygeek/llama-swap/internal/server/metrics.go:190.47,191.43 1 0
github.com/mostlygeek/llama-swap/internal/server/metrics.go:191.43,193.5 1 0
github.com/mostlygeek/llama-swap/internal/server/metrics.go:196.3,196.41 1 1
github.com/mostlygeek/llama-swap/internal/server/metrics.go:196.41,197.101 1 1
github.com/mostlygeek/llama-swap/internal/server/metrics.go:197.101,199.5 1 0
github.com/mostlygeek/llama-swap/internal/server/metrics.go:199.10,202.5 2 1
github.com/mostlygeek/llama-swap/internal/server/metrics.go:204.8,206.3 1 1
github.com/mostlygeek/llama-swap/internal/server/metrics.go:208.2,209.9 2 1
github.com/mostlygeek/llama-swap/internal/server/metrics.go:209.9,211.3 1 0
github.com/mostlygeek/llama-swap/internal/server/metrics.go:212.2,214.19 3 1
github.com/mostlygeek/llama-swap/internal/server/metrics.go:221.177,222.24 1 1
github.com/mostlygeek/llama-swap/internal/server/metrics.go:222.24,224.3 1 1
github.com/mostlygeek/llama-swap/internal/server/metrics.go:225.2,230.28 2 1
github.com/mostlygeek/llama-swap/internal/server/metrics.go:230.28,232.3 1 1
github.com/mostlygeek/llama-swap/internal/server/metrics.go:233.2,233.32 1 1
github.com/mostlygeek/llama-swap/internal/server/metrics.go:233.32,237.3 3 1
github.com/mostlygeek/llama-swap/internal/server/metrics.go:238.2,238.29 1 1
github.com/mostlygeek/llama-swap/internal/server/metrics.go:238.29,240.3 1 0
github.com/mostlygeek/llama-swap/internal/server/metrics.go:241.2,241.31 1 1
github.com/mostlygeek/llama-swap/internal/server/metrics.go:248.105,250.20 2 1
github.com/mostlygeek/llama-swap/internal/server/metrics.go:250.20,252.3 1 0
github.com/mostlygeek/llama-swap/internal/server/metrics.go:253.2,254.20 2 1
github.com/mostlygeek/llama-swap/internal/server/metrics.go:254.20,256.3 1 1
github.com/mostlygeek/llama-swap/internal/server/metrics.go:257.2,258.16 2 1
github.com/mostlygeek/llama-swap/internal/server/metrics.go:258.16,261.3 2 1
github.com/mostlygeek/llama-swap/internal/server/metrics.go:262.2,262.21 1 0
github.com/mostlygeek/llama-swap/internal/server/metrics.go:271.46,272.29 1 1
github.com/mostlygeek/llama-swap/internal/server/metrics.go:272.29,274.3 1 1
github.com/mostlygeek/llama-swap/internal/server/metrics.go:275.2,276.41 2 1
github.com/mostlygeek/llama-swap/internal/server/metrics.go:276.41,278.43 2 1
github.com/mostlygeek/llama-swap/internal/server/metrics.go:278.43,279.51 1 1
github.com/mostlygeek/llama-swap/internal/server/metrics.go:279.51,281.5 1 1
github.com/mostlygeek/llama-swap/internal/server/metrics.go:284.2,284.11 1 1
github.com/mostlygeek/llama-swap/internal/server/metrics.go:291.71,293.19 2 1
github.com/mostlygeek/llama-swap/internal/server/metrics.go:293.19,295.3 1 0
github.com/mostlygeek/llama-swap/internal/server/metrics.go:296.2,296.49 1 1
github.com/mostlygeek/llama-swap/internal/server/metrics.go:296.49,297.24 1 1
github.com/mostlygeek/llama-swap/internal/server/metrics.go:297.24,299.4 1 0
github.com/mostlygeek/llama-swap/internal/server/metrics.go:300.3,300.13 1 1
github.com/mostlygeek/llama-swap/internal/server/metrics.go:302.2,302.49 1 1
github.com/mostlygeek/llama-swap/internal/server/metrics.go:302.49,304.3 1 1
github.com/mostlygeek/llama-swap/internal/server/metrics.go:305.2,305.39 1 0
github.com/mostlygeek/llama-swap/internal/server/metrics.go:313.84,315.21 2 1
github.com/mostlygeek/llama-swap/internal/server/metrics.go:315.21,317.3 1 1
github.com/mostlygeek/llama-swap/internal/server/metrics.go:319.2,319.49 1 1
github.com/mostlygeek/llama-swap/internal/server/metrics.go:319.49,322.3 2 1
github.com/mostlygeek/llama-swap/internal/server/metrics.go:322.8,322.55 1 0
github.com/mostlygeek/llama-swap/internal/server/metrics.go:322.55,325.3 2 0
github.com/mostlygeek/llama-swap/internal/server/metrics.go:327.2,327.53 1 1
github.com/mostlygeek/llama-swap/internal/server/metrics.go:327.53,330.3 2 1
github.com/mostlygeek/llama-swap/internal/server/metrics.go:330.8,330.56 1 0
github.com/mostlygeek/llama-swap/internal/server/metrics.go:330.56,333.3 2 0
github.com/mostlygeek/llama-swap/internal/server/metrics.go:335.2,335.59 1 1
github.com/mostlygeek/llama-swap/internal/server/metrics.go:335.59,338.3 2 0
github.com/mostlygeek/llama-swap/internal/server/metrics.go:338.8,338.77 1 1
github.com/mostlygeek/llama-swap/internal/server/metrics.go:338.77,341.3 2 0
github.com/mostlygeek/llama-swap/internal/server/metrics.go:341.8,341.78 1 1
github.com/mostlygeek/llama-swap/internal/server/metrics.go:341.78,344.3 2 1
github.com/mostlygeek/llama-swap/internal/server/metrics.go:345.2,345.8 1 1
github.com/mostlygeek/llama-swap/internal/server/metrics.go:348.103,357.39 3 1
github.com/mostlygeek/llama-swap/internal/server/metrics.go:357.39,360.15 3 1
github.com/mostlygeek/llama-swap/internal/server/metrics.go:360.15,363.4 2 0
github.com/mostlygeek/llama-swap/internal/server/metrics.go:363.9,366.4 2 1
github.com/mostlygeek/llama-swap/internal/server/metrics.go:368.3,369.55 2 1
github.com/mostlygeek/llama-swap/internal/server/metrics.go:369.55,370.12 1 1
github.com/mostlygeek/llama-swap/internal/server/metrics.go:372.3,373.60 2 1
github.com/mostlygeek/llama-swap/internal/server/metrics.go:373.60,374.12 1 1
github.com/mostlygeek/llama-swap/internal/server/metrics.go:376.3,376.30 1 1
github.com/mostlygeek/llama-swap/internal/server/metrics.go:376.30,377.12 1 0
github.com/mostlygeek/llama-swap/internal/server/metrics.go:379.3,381.35 2 1
github.com/mostlygeek/llama-swap/internal/server/metrics.go:381.35,383.19 2 1
github.com/mostlygeek/llama-swap/internal/server/metrics.go:383.19,384.13 1 1
github.com/mostlygeek/llama-swap/internal/server/metrics.go:386.4,387.11 2 1
github.com/mostlygeek/llama-swap/internal/server/metrics.go:387.11,388.13 1 0
github.com/mostlygeek/llama-swap/internal/server/metrics.go:390.4,391.13 2 1
github.com/mostlygeek/llama-swap/internal/server/metrics.go:391.13,393.5 1 1
github.com/mostlygeek/llama-swap/internal/server/metrics.go:394.4,394.13 1 1
github.com/mostlygeek/llama-swap/internal/server/metrics.go:394.13,396.5 1 1
github.com/mostlygeek/llama-swap/internal/server/metrics.go:397.4,397.14 1 1
github.com/mostlygeek/llama-swap/internal/server/metrics.go:397.14,399.5 1 0
github.com/mostlygeek/llama-swap/internal/server/metrics.go:401.3,401.45 1 1
github.com/mostlygeek/llama-swap/internal/server/metrics.go:401.45,404.4 2 0
github.com/mostlygeek/llama-swap/internal/server/metrics.go:407.2,407.13 1 1
github.com/mostlygeek/llama-swap/internal/server/metrics.go:407.13,409.3 1 1
github.com/mostlygeek/llama-swap/internal/server/metrics.go:411.2,411.92 1 1
github.com/mostlygeek/llama-swap/internal/server/metrics.go:414.107,417.2 2 1
github.com/mostlygeek/llama-swap/internal/server/metrics.go:421.138,429.22 7 1
github.com/mostlygeek/llama-swap/internal/server/metrics.go:429.22,435.37 6 1
github.com/mostlygeek/llama-swap/internal/server/metrics.go:435.37,437.4 1 1
github.com/mostlygeek/llama-swap/internal/server/metrics.go:438.3,438.66 1 1
github.com/mostlygeek/llama-swap/internal/server/metrics.go:438.66,440.4 1 1
github.com/mostlygeek/llama-swap/internal/server/metrics.go:441.3,441.82 1 1
github.com/mostlygeek/llama-swap/internal/server/metrics.go:441.82,444.4 2 0
github.com/mostlygeek/llama-swap/internal/server/metrics.go:447.2,460.3 1 1
github.com/mostlygeek/llama-swap/internal/server/metrics.go:464.67,465.54 1 1
github.com/mostlygeek/llama-swap/internal/server/metrics.go:466.14,468.17 2 1
github.com/mostlygeek/llama-swap/internal/server/metrics.go:468.17,470.4 1 1
github.com/mostlygeek/llama-swap/internal/server/metrics.go:471.3,472.28 2 1
github.com/mostlygeek/llama-swap/internal/server/metrics.go:473.17,476.28 3 1
github.com/mostlygeek/llama-swap/internal/server/metrics.go:477.10,478.19 1 1
github.com/mostlygeek/llama-swap/internal/server/metrics.go:484.57,485.26 1 1
github.com/mostlygeek/llama-swap/internal/server/metrics.go:485.26,487.3 1 1
github.com/mostlygeek/llama-swap/internal/server/metrics.go:489.2,491.58 3 1
github.com/mostlygeek/llama-swap/internal/server/metrics.go:491.58,493.43 2 1
github.com/mostlygeek/llama-swap/internal/server/metrics.go:493.43,495.4 1 1
github.com/mostlygeek/llama-swap/internal/server/metrics.go:497.2,497.37 1 1
github.com/mostlygeek/llama-swap/internal/server/metrics.go:511.63,520.2 2 1
github.com/mostlygeek/llama-swap/internal/server/metrics.go:522.59,523.20 1 1
github.com/mostlygeek/llama-swap/internal/server/metrics.go:523.20,525.3 1 1
github.com/mostlygeek/llama-swap/internal/server/metrics.go:529.2,529.47 1 1
github.com/mostlygeek/llama-swap/internal/server/metrics.go:529.47,531.3 1 1
github.com/mostlygeek/llama-swap/internal/server/metrics.go:532.2,532.23 1 1
github.com/mostlygeek/llama-swap/internal/server/metrics.go:535.58,536.19 1 1
github.com/mostlygeek/llama-swap/internal/server/metrics.go:536.19,538.3 1 0
github.com/mostlygeek/llama-swap/internal/server/metrics.go:539.2,541.42 3 1
github.com/mostlygeek/llama-swap/internal/server/metrics.go:545.38,546.50 1 1
github.com/mostlygeek/llama-swap/internal/server/metrics.go:546.50,548.3 1 1
github.com/mostlygeek/llama-swap/internal/server/metrics.go:553.76,554.52 1 1
github.com/mostlygeek/llama-swap/internal/server/metrics.go:554.52,556.3 1 1
github.com/mostlygeek/llama-swap/internal/server/metrics.go:557.2,557.85 1 1
github.com/mostlygeek/llama-swap/internal/server/metrics.go:560.52,560.71 1 1
github.com/mostlygeek/llama-swap/internal/server/metrics.go:561.52,561.70 1 1
github.com/mostlygeek/llama-swap/internal/server/metrics_middleware.go:17.86,18.46 1 1
github.com/mostlygeek/llama-swap/internal/server/metrics_middleware.go:18.46,19.72 1 1
github.com/mostlygeek/llama-swap/internal/server/metrics_middleware.go:19.72,20.48 1 1
github.com/mostlygeek/llama-swap/internal/server/metrics_middleware.go:20.48,23.5 2 1
github.com/mostlygeek/llama-swap/internal/server/metrics_middleware.go:28.4,29.51 2 1
github.com/mostlygeek/llama-swap/internal/server/metrics_middleware.go:29.51,32.15 3 1
github.com/mostlygeek/llama-swap/internal/server/metrics_middleware.go:32.15,35.6 2 0
github.com/mostlygeek/llama-swap/internal/server/metrics_middleware.go:38.4,38.39 1 1
github.com/mostlygeek/llama-swap/internal/server/metrics_middleware.go:38.39,41.5 2 1
github.com/mostlygeek/llama-swap/internal/server/metrics_middleware.go:46.4,47.18 2 1
github.com/mostlygeek/llama-swap/internal/server/metrics_middleware.go:47.18,50.5 2 0
github.com/mostlygeek/llama-swap/internal/server/metrics_middleware.go:54.4,57.25 4 1
github.com/mostlygeek/llama-swap/internal/server/metrics_middleware.go:57.25,58.48 1 1
github.com/mostlygeek/llama-swap/internal/server/metrics_middleware.go:58.48,59.57 1 1
github.com/mostlygeek/llama-swap/internal/server/metrics_middleware.go:59.57,63.7 3 1
github.com/mostlygeek/llama-swap/internal/server/metrics_middleware.go:65.5,65.34 1 1
github.com/mostlygeek/llama-swap/internal/server/metrics_middleware.go:65.34,68.6 2 1
github.com/mostlygeek/llama-swap/internal/server/metrics_middleware.go:73.4,73.55 1 1
github.com/mostlygeek/llama-swap/internal/server/metrics_middleware.go:73.55,75.5 1 0
github.com/mostlygeek/llama-swap/internal/server/metrics_middleware.go:77.4,79.65 3 1
github.com/mostlygeek/llama-swap/internal/server/server.go:97.44,98.40 1 1
github.com/mostlygeek/llama-swap/internal/server/server.go:98.40,99.16 1 1
github.com/mostlygeek/llama-swap/internal/server/server.go:99.16,101.4 1 1
github.com/mostlygeek/llama-swap/internal/server/server.go:103.2,103.40 1 1
github.com/mostlygeek/llama-swap/internal/server/server.go:103.40,104.16 1 1
github.com/mostlygeek/llama-swap/internal/server/server.go:104.16,106.4 1 0
github.com/mostlygeek/llama-swap/internal/server/server.go:108.2,108.35 1 1
github.com/mostlygeek/llama-swap/internal/server/server.go:108.35,109.16 1 1
github.com/mostlygeek/llama-swap/internal/server/server.go:109.16,111.4 1 0
github.com/mostlygeek/llama-swap/internal/server/server.go:113.2,113.14 1 1
github.com/mostlygeek/llama-swap/internal/server/server.go:123.182,127.32 3 1
github.com/mostlygeek/llama-swap/internal/server/server.go:128.16,130.17 2 1
github.com/mostlygeek/llama-swap/internal/server/server.go:130.17,132.4 1 0
github.com/mostlygeek/llama-swap/internal/server/server.go:133.10,135.17 2 1
github.com/mostlygeek/llama-swap/internal/server/server.go:135.17,137.4 1 0
github.com/mostlygeek/llama-swap/internal/server/server.go:140.2,141.16 2 1
github.com/mostlygeek/llama-swap/internal/server/server.go:141.16,143.3 1 0
github.com/mostlygeek/llama-swap/internal/server/server.go:145.2,145.15 1 1
github.com/mostlygeek/llama-swap/internal/server/server.go:145.15,147.3 1 0
github.com/mostlygeek/llama-swap/internal/server/server.go:149.2,167.15 5 1
github.com/mostlygeek/llama-swap/internal/server/server.go:172.75,176.16 3 1
github.com/mostlygeek/llama-swap/internal/server/server.go:176.16,179.3 2 0
github.com/mostlygeek/llama-swap/internal/server/server.go:181.2,181.9 1 1
github.com/mostlygeek/llama-swap/internal/server/server.go:182.37,184.26 2 1
github.com/mostlygeek/llama-swap/internal/server/server.go:185.36,187.25 2 1
github.com/mostlygeek/llama-swap/internal/server/server.go:188.10,189.50 1 1
github.com/mostlygeek/llama-swap/internal/server/server.go:195.42,196.42 1 1
github.com/mostlygeek/llama-swap/internal/server/server.go:196.42,198.3 1 1
github.com/mostlygeek/llama-swap/internal/server/server.go:203.27,220.43 6 1
github.com/mostlygeek/llama-swap/internal/server/server.go:220.43,222.3 1 1
github.com/mostlygeek/llama-swap/internal/server/server.go:223.2,223.43 1 1
github.com/mostlygeek/llama-swap/internal/server/server.go:223.43,225.3 1 1
github.com/mostlygeek/llama-swap/internal/server/server.go:226.2,226.38 1 1
github.com/mostlygeek/llama-swap/internal/server/server.go:226.38,228.3 1 1
github.com/mostlygeek/llama-swap/internal/server/server.go:231.2,272.97 26 1
github.com/mostlygeek/llama-swap/internal/server/server.go:275.68,277.2 1 1
github.com/mostlygeek/llama-swap/internal/server/server.go:282.33,284.2 1 1
github.com/mostlygeek/llama-swap/internal/server/server.go:293.56,294.49 1 1
github.com/mostlygeek/llama-swap/internal/server/server.go:294.49,296.3 1 1
github.com/mostlygeek/llama-swap/internal/server/server.go:297.2,303.54 5 1
github.com/mostlygeek/llama-swap/internal/server/server.go:303.54,304.16 1 1
github.com/mostlygeek/llama-swap/internal/server/server.go:304.16,305.12 1 0
github.com/mostlygeek/llama-swap/internal/server/server.go:307.3,308.29 2 1
github.com/mostlygeek/llama-swap/internal/server/server.go:308.29,310.47 2 1
github.com/mostlygeek/llama-swap/internal/server/server.go:310.47,314.5 3 0
github.com/mostlygeek/llama-swap/internal/server/server.go:318.2,319.29 2 1
github.com/mostlygeek/llama-swap/internal/server/ui.go:17.67,18.26 1 1
github.com/mostlygeek/llama-swap/internal/server/ui.go:18.26,20.3 1 1
github.com/mostlygeek/llama-swap/internal/server/ui.go:21.2,21.58 1 1
github.com/mostlygeek/llama-swap/internal/server/ui.go:21.58,22.65 1 1
github.com/mostlygeek/llama-swap/internal/server/ui.go:22.65,24.4 1 1
github.com/mostlygeek/llama-swap/internal/server/ui.go:26.2,26.58 1 1
github.com/mostlygeek/llama-swap/internal/server/ui.go:26.58,27.67 1 1
github.com/mostlygeek/llama-swap/internal/server/ui.go:27.67,29.4 1 1
github.com/mostlygeek/llama-swap/internal/server/ui.go:31.2,31.15 1 1
github.com/mostlygeek/llama-swap/internal/server/ui.go:38.107,39.86 1 1
github.com/mostlygeek/llama-swap/internal/server/ui.go:39.86,40.51 1 1
github.com/mostlygeek/llama-swap/internal/server/ui.go:40.51,42.59 2 1
github.com/mostlygeek/llama-swap/internal/server/ui.go:42.59,47.5 4 1
github.com/mostlygeek/llama-swap/internal/server/ui.go:51.2,52.16 2 1
github.com/mostlygeek/llama-swap/internal/server/ui.go:52.16,54.3 1 1
github.com/mostlygeek/llama-swap/internal/server/ui.go:55.2,58.16 3 1
github.com/mostlygeek/llama-swap/internal/server/ui.go:58.16,60.3 1 0
github.com/mostlygeek/llama-swap/internal/server/ui.go:61.2,61.18 1 1
github.com/mostlygeek/llama-swap/internal/server/ui.go:61.18,63.3 1 0
github.com/mostlygeek/llama-swap/internal/server/ui.go:65.2,66.12 2 1
github.com/mostlygeek/llama-swap/internal/server/ui.go:70.67,72.2 1 1
github.com/mostlygeek/llama-swap/internal/server/ui.go:77.76,79.16 2 1
github.com/mostlygeek/llama-swap/internal/server/ui.go:79.16,81.3 1 1
github.com/mostlygeek/llama-swap/internal/server/ui.go:83.2,83.62 1 1
github.com/mostlygeek/llama-swap/internal/server/ui.go:83.62,84.45 1 1
github.com/mostlygeek/llama-swap/internal/server/ui.go:84.45,87.4 2 1
github.com/mostlygeek/llama-swap/internal/server/ui.go:88.3,88.71 1 1
github.com/mostlygeek/llama-swap/internal/server/ui.go:88.71,90.4 1 0
github.com/mostlygeek/llama-swap/internal/server/ui.go:95.72,96.71 1 1
github.com/mostlygeek/llama-swap/internal/server/ui.go:96.71,98.3 1 1
github.com/mostlygeek/llama-swap/internal/router/base.go:78.24,99.16 5 1
github.com/mostlygeek/llama-swap/internal/router/base.go:99.16,101.3 1 0
github.com/mostlygeek/llama-swap/internal/router/base.go:102.2,103.15 2 1
github.com/mostlygeek/llama-swap/internal/router/base.go:106.40,107.28 1 1
github.com/mostlygeek/llama-swap/internal/router/base.go:107.28,109.3 1 1
github.com/mostlygeek/llama-swap/internal/router/base.go:112.28,115.6 2 1
github.com/mostlygeek/llama-swap/internal/router/base.go:115.6,116.10 1 1
github.com/mostlygeek/llama-swap/internal/router/base.go:117.30,119.10 2 1
github.com/mostlygeek/llama-swap/internal/router/base.go:121.29,123.23 2 1
github.com/mostlygeek/llama-swap/internal/router/base.go:125.28,127.23 2 1
github.com/mostlygeek/llama-swap/internal/router/base.go:129.28,132.23 3 1
github.com/mostlygeek/llama-swap/internal/router/base.go:134.29,136.23 2 1
github.com/mostlygeek/llama-swap/internal/router/base.go:138.30,139.30 1 1
github.com/mostlygeek/llama-swap/internal/router/base.go:157.87,158.9 1 1
github.com/mostlygeek/llama-swap/internal/router/base.go:159.27,160.14 1 1
github.com/mostlygeek/llama-swap/internal/router/base.go:161.24,162.15 1 0
github.com/mostlygeek/llama-swap/internal/router/base.go:163.30,164.15 1 0
github.com/mostlygeek/llama-swap/internal/router/base.go:169.78,171.9 2 1
github.com/mostlygeek/llama-swap/internal/router/base.go:171.9,174.3 2 1
github.com/mostlygeek/llama-swap/internal/router/base.go:175.2,175.24 1 1
github.com/mostlygeek/llama-swap/internal/router/base.go:179.64,181.2 1 1
github.com/mostlygeek/llama-swap/internal/router/base.go:184.70,186.2 1 0
github.com/mostlygeek/llama-swap/internal/router/base.go:195.80,198.2 2 1
github.com/mostlygeek/llama-swap/internal/router/base.go:202.73,204.25 2 1
github.com/mostlygeek/llama-swap/internal/router/base.go:204.25,206.10 2 1
github.com/mostlygeek/llama-swap/internal/router/base.go:206.10,207.12 1 0
github.com/mostlygeek/llama-swap/internal/router/base.go:209.3,210.41 2 1
github.com/mostlygeek/llama-swap/internal/router/base.go:210.41,212.42 2 1
github.com/mostlygeek/llama-swap/internal/router/base.go:212.42,214.5 1 0
github.com/mostlygeek/llama-swap/internal/router/base.go:217.2,217.11 1 1
github.com/mostlygeek/llama-swap/internal/router/base.go:230.87,231.54 1 1
github.com/mostlygeek/llama-swap/internal/router/base.go:231.54,232.16 1 1
github.com/mostlygeek/llama-swap/internal/router/base.go:232.16,233.11 1 1
github.com/mostlygeek/llama-swap/internal/router/base.go:234.69,234.69 0 1
github.com/mostlygeek/llama-swap/internal/router/base.go:235.32,235.32 0 0
github.com/mostlygeek/llama-swap/internal/router/base.go:238.3,238.20 1 1
github.com/mostlygeek/llama-swap/internal/router/base.go:242.62,246.29 3 1
github.com/mostlygeek/llama-swap/internal/router/base.go:246.29,248.41 2 1
github.com/mostlygeek/llama-swap/internal/router/base.go:248.41,250.42 2 1
github.com/mostlygeek/llama-swap/internal/router/base.go:250.42,252.5 1 0
github.com/mostlygeek/llama-swap/internal/router/base.go:255.2,258.44 3 1
github.com/mostlygeek/llama-swap/internal/router/base.go:258.44,259.13 1 1
github.com/mostlygeek/llama-swap/internal/router/base.go:259.13,260.46 1 1
github.com/mostlygeek/llama-swap/internal/router/base.go:260.46,262.5 1 0
github.com/mostlygeek/llama-swap/internal/router/base.go:266.2,268.9 2 1
github.com/mostlygeek/llama-swap/internal/router/base.go:269.70,269.70 0 1
github.com/mostlygeek/llama-swap/internal/router/base.go:270.30,270.30 0 0
github.com/mostlygeek/llama-swap/internal/router/base.go:274.54,289.22 5 1
github.com/mostlygeek/llama-swap/internal/router/base.go:289.22,291.3 1 0
github.com/mostlygeek/llama-swap/internal/router/base.go:293.2,294.32 2 1
github.com/mostlygeek/llama-swap/internal/router/base.go:294.32,296.41 2 1
github.com/mostlygeek/llama-swap/internal/router/base.go:296.41,298.46 2 1
github.com/mostlygeek/llama-swap/internal/router/base.go:298.46,300.5 1 0
github.com/mostlygeek/llama-swap/internal/router/base.go:304.2,305.12 2 1
github.com/mostlygeek/llama-swap/internal/router/base.go:305.12,308.3 2 1
github.com/mostlygeek/llama-swap/internal/router/base.go:310.2,310.21 1 1
github.com/mostlygeek/llama-swap/internal/router/base.go:310.21,311.10 1 1
github.com/mostlygeek/llama-swap/internal/router/base.go:312.15,312.15 0 1
github.com/mostlygeek/llama-swap/internal/router/base.go:313.34,314.10 1 0
github.com/mostlygeek/llama-swap/internal/router/base.go:316.8,318.3 1 0
github.com/mostlygeek/llama-swap/internal/router/base.go:323.2,325.20 2 1
github.com/mostlygeek/llama-swap/internal/router/base.go:328.57,330.12 2 1
github.com/mostlygeek/llama-swap/internal/router/base.go:330.12,332.3 1 0
github.com/mostlygeek/llama-swap/internal/router/base.go:333.2,333.10 1 1
github.com/mostlygeek/llama-swap/internal/router/base.go:336.49,339.2 2 0
github.com/mostlygeek/llama-swap/internal/router/base.go:341.76,342.39 1 0
github.com/mostlygeek/llama-swap/internal/router/base.go:342.39,344.3 1 0
github.com/mostlygeek/llama-swap/internal/router/base.go:345.2,345.19 1 0
github.com/mostlygeek/llama-swap/internal/router/base.go:351.70,353.33 2 1
github.com/mostlygeek/llama-swap/internal/router/base.go:353.33,355.64 2 1
github.com/mostlygeek/llama-swap/internal/router/base.go:355.64,356.12 1 1
github.com/mostlygeek/llama-swap/internal/router/base.go:358.3,358.19 1 1
github.com/mostlygeek/llama-swap/internal/router/base.go:360.2,360.16 1 1
github.com/mostlygeek/llama-swap/internal/router/base.go:376.70,378.23 2 1
github.com/mostlygeek/llama-swap/internal/router/base.go:378.23,380.31 2 1
github.com/mostlygeek/llama-swap/internal/router/base.go:380.31,382.4 1 1
github.com/mostlygeek/llama-swap/internal/router/base.go:384.2,384.23 1 1
github.com/mostlygeek/llama-swap/internal/router/base.go:384.23,386.3 1 0
github.com/mostlygeek/llama-swap/internal/router/base.go:388.2,389.9 2 1
github.com/mostlygeek/llama-swap/internal/router/base.go:390.25,390.25 0 1
github.com/mostlygeek/llama-swap/internal/router/base.go:391.19,392.9 1 0
github.com/mostlygeek/llama-swap/internal/router/base.go:394.2,394.15 1 1
github.com/mostlygeek/llama-swap/internal/router/base.go:397.60,398.49 1 1
github.com/mostlygeek/llama-swap/internal/router/base.go:398.49,400.3 1 1
github.com/mostlygeek/llama-swap/internal/router/base.go:401.2,402.9 2 1
github.com/mostlygeek/llama-swap/internal/router/base.go:403.27,403.27 0 1
github.com/mostlygeek/llama-swap/internal/router/base.go:404.19,405.13 1 0
github.com/mostlygeek/llama-swap/internal/router/base.go:407.2,407.22 1 1
github.com/mostlygeek/llama-swap/internal/router/base.go:410.74,411.27 1 1
github.com/mostlygeek/llama-swap/internal/router/base.go:411.27,414.3 2 1
github.com/mostlygeek/llama-swap/internal/router/base.go:416.2,417.16 2 1
github.com/mostlygeek/llama-swap/internal/router/base.go:417.16,420.3 2 0
github.com/mostlygeek/llama-swap/internal/router/base.go:422.2,433.9 2 1
github.com/mostlygeek/llama-swap/internal/router/base.go:434.25,434.25 0 1
github.com/mostlygeek/llama-swap/internal/router/base.go:435.30,436.9 1 0
github.com/mostlygeek/llama-swap/internal/router/base.go:437.30,439.9 2 0
github.com/mostlygeek/llama-swap/internal/router/base.go:442.2,443.9 2 1
github.com/mostlygeek/llama-swap/internal/router/base.go:444.33,444.33 0 1
github.com/mostlygeek/llama-swap/internal/router/base.go:445.30,446.10 1 0
github.com/mostlygeek/llama-swap/internal/router/base.go:447.25,447.25 0 0
github.com/mostlygeek/llama-swap/internal/router/base.go:448.31,448.31 0 0
github.com/mostlygeek/llama-swap/internal/router/base.go:450.3,450.9 1 0
github.com/mostlygeek/llama-swap/internal/router/base.go:451.30,453.9 2 0
github.com/mostlygeek/llama-swap/internal/router/base.go:455.2,455.25 1 1
github.com/mostlygeek/llama-swap/internal/router/base.go:455.25,458.3 2 1
github.com/mostlygeek/llama-swap/internal/router/base.go:460.2,461.44 2 1
github.com/mostlygeek/llama-swap/internal/router/base.go:461.44,463.3 1 1
github.com/mostlygeek/llama-swap/internal/router/base.go:464.2,467.23 3 1
github.com/mostlygeek/llama-swap/internal/router/base.go:467.24,467.25 0 1
github.com/mostlygeek/llama-swap/internal/router/base.go:468.2,468.23 1 1
github.com/mostlygeek/llama-swap/internal/router/base.go:468.23,473.13 5 1
github.com/mostlygeek/llama-swap/internal/router/base.go:473.13,474.8 1 1
github.com/mostlygeek/llama-swap/internal/router/base.go:474.8,475.12 1 1
github.com/mostlygeek/llama-swap/internal/router/base.go:476.33,477.59 1 1
github.com/mostlygeek/llama-swap/internal/router/base.go:478.27,479.12 1 1
github.com/mostlygeek/llama-swap/internal/router/base.go:490.2,490.26 1 1
github.com/mostlygeek/llama-swap/internal/router/base.go:490.26,492.16 2 1
github.com/mostlygeek/llama-swap/internal/router/base.go:492.16,495.4 2 1
github.com/mostlygeek/llama-swap/internal/router/base.go:498.2,499.9 2 1
github.com/mostlygeek/llama-swap/internal/router/base.go:500.27,501.18 1 1
github.com/mostlygeek/llama-swap/internal/router/base.go:502.30,508.10 2 1
github.com/mostlygeek/llama-swap/internal/router/base.go:509.25,509.25 0 1
github.com/mostlygeek/llama-swap/internal/router/base.go:510.31,510.31 0 0
github.com/mostlygeek/llama-swap/internal/router/base.go:512.3,512.9 1 1
github.com/mostlygeek/llama-swap/internal/router/base.go:513.30,516.9 3 0
github.com/mostlygeek/llama-swap/internal/router/base.go:519.2,519.21 1 1
github.com/mostlygeek/llama-swap/internal/router/base.go:519.21,522.3 2 0
github.com/mostlygeek/llama-swap/internal/router/base.go:523.2,523.25 1 1
github.com/mostlygeek/llama-swap/internal/router/group.go:15.90,17.61 2 1
github.com/mostlygeek/llama-swap/internal/router/group.go:17.61,18.36 1 1
github.com/mostlygeek/llama-swap/internal/router/group.go:18.36,19.47 1 1
github.com/mostlygeek/llama-swap/internal/router/group.go:19.47,21.5 1 1
github.com/mostlygeek/llama-swap/internal/router/group.go:22.4,22.27 1 1
github.com/mostlygeek/llama-swap/internal/router/group.go:26.2,33.16 4 0
github.com/mostlygeek/llama-swap/internal/router/group.go:33.16,35.3 1 0
github.com/mostlygeek/llama-swap/internal/router/group.go:37.2,37.32 1 0
github.com/mostlygeek/llama-swap/internal/router/group.go:37.32,39.10 2 0
github.com/mostlygeek/llama-swap/internal/router/group.go:39.10,43.4 3 0
github.com/mostlygeek/llama-swap/internal/router/group.go:44.3,46.17 3 0
github.com/mostlygeek/llama-swap/internal/router/group.go:46.17,50.4 3 0
github.com/mostlygeek/llama-swap/internal/router/group.go:51.3,51.21 1 0
github.com/mostlygeek/llama-swap/internal/router/group.go:54.2,56.15 3 0
github.com/mostlygeek/llama-swap/internal/router/group.go:70.78,76.31 5 1
github.com/mostlygeek/llama-swap/internal/router/group.go:76.31,77.20 1 1
github.com/mostlygeek/llama-swap/internal/router/group.go:77.20,79.4 1 0
github.com/mostlygeek/llama-swap/internal/router/group.go:80.3,80.31 1 1
github.com/mostlygeek/llama-swap/internal/router/group.go:80.31,82.4 1 0
github.com/mostlygeek/llama-swap/internal/router/group.go:83.3,84.10 2 1
github.com/mostlygeek/llama-swap/internal/router/group.go:85.31,87.32 2 1
github.com/mostlygeek/llama-swap/internal/router/group.go:92.36,93.79 1 1
github.com/mostlygeek/llama-swap/internal/router/group.go:93.79,96.5 2 1
github.com/mostlygeek/llama-swap/internal/router/group.go:100.2,100.30 1 1
github.com/mostlygeek/llama-swap/internal/router/group.go:100.30,102.3 1 1
github.com/mostlygeek/llama-swap/internal/router/group.go:103.2,103.15 1 1
github.com/mostlygeek/llama-swap/internal/router/group.go:106.70,106.71 0 1
github.com/mostlygeek/llama-swap/internal/router/loading.go:20.38,21.33 1 1
github.com/mostlygeek/llama-swap/internal/router/loading.go:21.33,22.33 1 1
github.com/mostlygeek/llama-swap/internal/router/loading.go:22.33,24.4 1 1
github.com/mostlygeek/llama-swap/internal/router/loading.go:26.2,26.14 1 1
github.com/mostlygeek/llama-swap/internal/router/loading.go:59.122,79.2 8 1
github.com/mostlygeek/llama-swap/internal/router/loading.go:81.47,85.2 3 1
github.com/mostlygeek/llama-swap/internal/router/loading.go:87.52,90.15 2 1
github.com/mostlygeek/llama-swap/internal/router/loading.go:90.15,93.25 1 1
github.com/mostlygeek/llama-swap/internal/router/loading.go:93.25,95.4 1 0
github.com/mostlygeek/llama-swap/internal/router/loading.go:96.3,100.18 5 1
github.com/mostlygeek/llama-swap/internal/router/loading.go:103.2,105.44 3 1
github.com/mostlygeek/llama-swap/internal/router/loading.go:105.44,107.3 1 1
github.com/mostlygeek/llama-swap/internal/router/loading.go:108.2,116.26 6 1
github.com/mostlygeek/llama-swap/internal/router/loading.go:116.26,118.3 1 1
github.com/mostlygeek/llama-swap/internal/router/loading.go:120.2,120.6 1 1
github.com/mostlygeek/llama-swap/internal/router/loading.go:120.6,121.10 1 1
github.com/mostlygeek/llama-swap/internal/router/loading.go:122.21,123.10 1 1
github.com/mostlygeek/llama-swap/internal/router/loading.go:124.19,130.20 5 1
github.com/mostlygeek/llama-swap/internal/router/loading.go:130.20,136.5 5 1
github.com/mostlygeek/llama-swap/internal/router/loading.go:136.10,136.57 1 1
github.com/mostlygeek/llama-swap/internal/router/loading.go:136.57,144.5 7 1
github.com/mostlygeek/llama-swap/internal/router/loading.go:144.10,146.5 1 1
github.com/mostlygeek/llama-swap/internal/router/loading.go:151.71,152.19 1 1
github.com/mostlygeek/llama-swap/internal/router/loading.go:152.19,154.3 1 0
github.com/mostlygeek/llama-swap/internal/router/loading.go:155.2,155.9 1 1
github.com/mostlygeek/llama-swap/internal/router/loading.go:156.16,157.14 1 1
github.com/mostlygeek/llama-swap/internal/router/loading.go:158.29,159.15 1 0
github.com/mostlygeek/llama-swap/internal/router/loading.go:163.49,165.25 2 1
github.com/mostlygeek/llama-swap/internal/router/loading.go:165.25,167.3 1 1
github.com/mostlygeek/llama-swap/internal/router/loading.go:169.2,170.30 2 1
github.com/mostlygeek/llama-swap/internal/router/loading.go:170.30,171.10 1 1
github.com/mostlygeek/llama-swap/internal/router/loading.go:172.23,173.10 1 0
github.com/mostlygeek/llama-swap/internal/router/loading.go:174.11,174.11 0 1
github.com/mostlygeek/llama-swap/internal/router/loading.go:177.3,178.23 2 1
github.com/mostlygeek/llama-swap/internal/router/loading.go:178.23,180.4 1 1
github.com/mostlygeek/llama-swap/internal/router/loading.go:181.3,185.44 4 1
github.com/mostlygeek/llama-swap/internal/router/loading.go:185.44,187.4 1 1
github.com/mostlygeek/llama-swap/internal/router/loading.go:191.47,192.16 1 1
github.com/mostlygeek/llama-swap/internal/router/loading.go:192.16,195.3 2 0
github.com/mostlygeek/llama-swap/internal/router/loading.go:196.2,197.18 2 1
github.com/mostlygeek/llama-swap/internal/router/loading.go:200.47,224.16 6 1
github.com/mostlygeek/llama-swap/internal/router/loading.go:224.16,227.3 2 0
github.com/mostlygeek/llama-swap/internal/router/loading.go:229.2,233.16 3 1
github.com/mostlygeek/llama-swap/internal/router/loading.go:233.16,235.3 1 0
github.com/mostlygeek/llama-swap/internal/router/loading.go:237.2,237.74 1 1
github.com/mostlygeek/llama-swap/internal/router/loading.go:237.74,240.3 2 0
github.com/mostlygeek/llama-swap/internal/router/loading.go:241.2,241.48 1 1
github.com/mostlygeek/llama-swap/internal/router/loading.go:241.48,243.3 1 1
github.com/mostlygeek/llama-swap/internal/router/loading.go:252.35,256.2 3 1
github.com/mostlygeek/llama-swap/internal/router/loading.go:258.46,260.2 1 1
github.com/mostlygeek/llama-swap/internal/router/loading.go:262.57,264.2 1 1
github.com/mostlygeek/llama-swap/internal/router/loading.go:266.53,267.18 1 1
github.com/mostlygeek/llama-swap/internal/router/loading.go:267.18,269.3 1 1
github.com/mostlygeek/llama-swap/internal/router/loading.go:270.2,272.11 3 1
github.com/mostlygeek/llama-swap/internal/router/loading.go:275.33,276.48 1 1
github.com/mostlygeek/llama-swap/internal/router/loading.go:276.48,278.3 1 1
github.com/mostlygeek/llama-swap/internal/router/matrix.go:15.92,17.16 2 0
github.com/mostlygeek/llama-swap/internal/router/matrix.go:17.16,19.3 1 0
github.com/mostlygeek/llama-swap/internal/router/matrix.go:21.2,30.16 4 0
github.com/mostlygeek/llama-swap/internal/router/matrix.go:30.16,32.3 1 0
github.com/mostlygeek/llama-swap/internal/router/matrix.go:34.2,34.41 1 0
github.com/mostlygeek/llama-swap/internal/router/matrix.go:34.41,37.17 3 0
github.com/mostlygeek/llama-swap/internal/router/matrix.go:37.17,41.4 3 0
github.com/mostlygeek/llama-swap/internal/router/matrix.go:42.3,42.21 1 0
github.com/mostlygeek/llama-swap/internal/router/matrix.go:45.2,47.15 3 0
github.com/mostlygeek/llama-swap/internal/router/matrix.go:57.79,59.2 1 1
github.com/mostlygeek/llama-swap/internal/router/matrix.go:61.70,63.9 2 1
github.com/mostlygeek/llama-swap/internal/router/matrix.go:64.29,66.89 1 1
github.com/mostlygeek/llama-swap/internal/router/matrix.go:67.25,68.74 1 1
github.com/mostlygeek/llama-swap/internal/router/matrix.go:69.10,70.107 1 1
github.com/mostlygeek/llama-swap/internal/router/matrix_solver.go:17.98,19.34 2 1
github.com/mostlygeek/llama-swap/internal/router/matrix_solver.go:19.34,20.35 1 1
github.com/mostlygeek/llama-swap/internal/router/matrix_solver.go:20.35,22.4 1 1
github.com/mostlygeek/llama-swap/internal/router/matrix_solver.go:25.2,29.3 1 1
github.com/mostlygeek/llama-swap/internal/router/matrix_solver.go:51.89,52.52 1 1
github.com/mostlygeek/llama-swap/internal/router/matrix_solver.go:52.52,59.3 2 0
github.com/mostlygeek/llama-swap/internal/router/matrix_solver.go:61.2,64.32 2 1
github.com/mostlygeek/llama-swap/internal/router/matrix_solver.go:64.32,71.3 3 0
github.com/mostlygeek/llama-swap/internal/router/matrix_solver.go:73.2,76.39 3 1
github.com/mostlygeek/llama-swap/internal/router/matrix_solver.go:76.39,79.41 3 1
github.com/mostlygeek/llama-swap/internal/router/matrix_solver.go:79.41,80.44 1 1
github.com/mostlygeek/llama-swap/internal/router/matrix_solver.go:80.44,82.5 1 1
github.com/mostlygeek/llama-swap/internal/router/matrix_solver.go:85.3,85.77 1 1
github.com/mostlygeek/llama-swap/internal/router/matrix_solver.go:85.77,88.4 2 1
github.com/mostlygeek/llama-swap/internal/router/matrix_solver.go:91.2,93.40 3 1
github.com/mostlygeek/llama-swap/internal/router/matrix_solver.go:93.40,94.47 1 1
github.com/mostlygeek/llama-swap/internal/router/matrix_solver.go:94.47,96.4 1 1
github.com/mostlygeek/llama-swap/internal/router/matrix_solver.go:99.2,105.3 1 1
github.com/mostlygeek/llama-swap/internal/router/matrix_solver.go:110.104,111.52 1 0
github.com/mostlygeek/llama-swap/internal/router/matrix_solver.go:111.52,114.35 3 0
github.com/mostlygeek/llama-swap/internal/router/matrix_solver.go:114.35,115.39 1 0
github.com/mostlygeek/llama-swap/internal/router/matrix_solver.go:115.39,117.10 2 0
github.com/mostlygeek/llama-swap/internal/router/matrix_solver.go:120.3,120.15 1 0
github.com/mostlygeek/llama-swap/internal/router/matrix_solver.go:120.15,122.4 1 0
github.com/mostlygeek/llama-swap/internal/router/matrix_solver.go:124.2,124.15 1 0
github.com/mostlygeek/llama-swap/internal/router/matrix_solver.go:127.52,128.41 1 1
github.com/mostlygeek/llama-swap/internal/router/matrix_solver.go:128.41,130.3 1 1
github.com/mostlygeek/llama-swap/internal/router/matrix_solver.go:131.2,131.10 1 1
github.com/mostlygeek/llama-swap/internal/router/peer.go:38.72,43.28 4 1
github.com/mostlygeek/llama-swap/internal/router/peer.go:43.28,45.3 1 1
github.com/mostlygeek/llama-swap/internal/router/peer.go:46.2,48.33 2 1
github.com/mostlygeek/llama-swap/internal/router/peer.go:48.33,68.44 3 1
github.com/mostlygeek/llama-swap/internal/router/peer.go:68.44,71.5 2 1
github.com/mostlygeek/llama-swap/internal/router/peer.go:74.3,74.65 1 1
github.com/mostlygeek/llama-swap/internal/router/peer.go:74.65,75.95 1 1
github.com/mostlygeek/llama-swap/internal/router/peer.go:75.95,77.5 1 1
github.com/mostlygeek/llama-swap/internal/router/peer.go:78.4,78.14 1 1
github.com/mostlygeek/llama-swap/internal/router/peer.go:81.3,81.87 1 1
github.com/mostlygeek/llama-swap/internal/router/peer.go:81.87,84.94 3 1
github.com/mostlygeek/llama-swap/internal/router/peer.go:84.94,86.5 1 0
github.com/mostlygeek/llama-swap/internal/router/peer.go:87.4,87.48 1 1
github.com/mostlygeek/llama-swap/internal/router/peer.go:90.3,96.39 2 1
github.com/mostlygeek/llama-swap/internal/router/peer.go:96.39,97.44 1 1
github.com/mostlygeek/llama-swap/internal/router/peer.go:97.44,99.13 2 1
github.com/mostlygeek/llama-swap/internal/router/peer.go:101.4,101.26 1 1
github.com/mostlygeek/llama-swap/internal/router/peer.go:105.2,113.8 2 1
github.com/mostlygeek/llama-swap/internal/router/peer.go:116.43,119.2 2 0
github.com/mostlygeek/llama-swap/internal/router/peer.go:121.54,122.49 1 1
github.com/mostlygeek/llama-swap/internal/router/peer.go:122.49,124.3 1 1
github.com/mostlygeek/llama-swap/internal/router/peer.go:126.2,126.18 1 1
github.com/mostlygeek/llama-swap/internal/router/peer.go:126.18,130.3 3 1
github.com/mostlygeek/llama-swap/internal/router/peer.go:132.2,133.12 2 1
github.com/mostlygeek/llama-swap/internal/router/peer.go:133.12,136.3 2 1
github.com/mostlygeek/llama-swap/internal/router/peer.go:138.2,138.9 1 1
github.com/mostlygeek/llama-swap/internal/router/peer.go:139.14,140.13 1 1
github.com/mostlygeek/llama-swap/internal/router/peer.go:141.29,144.65 3 1
github.com/mostlygeek/llama-swap/internal/router/peer.go:148.68,149.27 1 1
github.com/mostlygeek/llama-swap/internal/router/peer.go:149.27,152.3 2 1
github.com/mostlygeek/llama-swap/internal/router/peer.go:153.2,157.16 4 1
github.com/mostlygeek/llama-swap/internal/router/peer.go:157.16,160.3 2 1
github.com/mostlygeek/llama-swap/internal/router/peer.go:162.2,163.12 2 1
github.com/mostlygeek/llama-swap/internal/router/peer.go:163.12,167.3 3 1
github.com/mostlygeek/llama-swap/internal/router/peer.go:169.2,171.21 2 1
github.com/mostlygeek/llama-swap/internal/router/peer.go:171.21,174.3 2 1
github.com/mostlygeek/llama-swap/internal/router/peer.go:178.2,187.10 8 1
